<?xml version="1.0" encoding="UTF-8"?>
<testng-results ignored="0" total="1" passed="1" failed="0" skipped="0">
  <reporter-output>
  </reporter-output>
  <suite started-at="2023-02-16T14:11:37 IST" name="Default suite" finished-at="2023-02-16T14:11:43 IST" duration-ms="5943">
    <groups>
    </groups>
    <test started-at="2023-02-16T14:11:37 IST" name="Default test" finished-at="2023-02-16T14:11:43 IST" duration-ms="5943">
      <class name="Testcase.verificationLogin">
        <test-method signature="login()[pri:0, instance:Testcase.verificationLogin@6b81ce95]" started-at="2023-02-16T14:11:37 IST" name="login" finished-at="2023-02-16T14:11:43 IST" duration-ms="5858" status="PASS">
          <reporter-output>
          </reporter-output>
        </test-method> <!-- login -->
      </class> <!-- Testcase.verificationLogin -->
    </test> <!-- Default test -->
  </suite> <!-- Default suite -->
</testng-results>
